Defining mics...
Mic placed at [0.05 0.05 0.05]
SET: 1
USING DEFAULT PARAMETERS FOR NIGENS DATA

	db_name: nigens
	rirpath: /scratch/ci411/TAU_SRIR_DB/TAU-SRIR_DB
	mixturepath: /scratch/ci411/DCASE_GEN/mixtures/nigens_1
	noisepath: /scratch/ci411/TAU_SRIR_DB/TAU-SNoise_DB
	nb_folds: 2
	rooms2fold: [[10, 6, 1, 4, 3, 8], [9, 5, 2, 0, 0, 0]]
	db_path: /scratch/ci411/NIGENS
	max_polyphony: 3
	active_classes: [0, 1, 2, 3, 5, 6, 8, 9, 10, 11, 12, 13]
	nb_mixtures_per_fold: [900, 300]
	mixture_duration: 60.0
	event_time_per_layer: 40.0
	audio_format: both
	obj_path: db_config_fsd.obj
	old_meta_synth: False

bomb_shelter
['close', 'far']
circular
[[2.5 5. ]]
[[0.4 0.6 0.8 1.  1.2 1.4 1.6 1.8 2. ]]
[[0.  0.  1.2]]

gym
['close', 'far']
circular
[[2.5 5. ]]
[[0.4 0.6 0.8 1.  1.2 1.4 1.6 1.8 2. ]]
[[0.  0.  1.2]]

pb132
['close', 'far']
circular
[[1.4 2.8]]
[[0.4 0.6 0.8 1.  1.2 1.4 1.6 1.8 2. ]]
[[0.  0.  1.2]]

pc226
['close', 'far']
circular
[[1.35 2.7 ]]
[[0.4 0.6 0.8 1.  1.2 1.4 1.6 1.8 2. ]]
[[0.  0.  1.2]]

sa203
['j1', 'j2', 'j3', 'j4', 'j5', 'j6']
linear
[[[-3.6 -2.8 -1.9  1.8  2.7  3.6]
  [ 2.7  2.7  2.7  2.7  2.7  2.7]
  [ 1.2  0.9  0.6 -0.6 -0.9 -1.2]]

 [[-3.6 -2.8 -1.9  1.8  2.7  3.6]
  [-2.7 -2.7 -2.7 -2.7 -2.7 -2.7]
  [ 1.2  0.9  0.6 -0.6 -0.9 -1.2]]]
[[1.2 1.6 2. ]]
[[0.  0.  1.2]]

sc203
['j1', 'j2', 'j3', 'j4']
linear
[[[-5.  -2.5  2.5  5. ]
  [ 2.9  2.9  2.9  2.9]
  [ 0.   0.   0.   0. ]]

 [[-5.  -2.5  2.5  5. ]
  [-2.9 -2.9 -2.9 -2.9]
  [ 0.   0.   0.   0. ]]]
[[0.4 0.8 1.2 1.6 2. ]]
[[0.  0.  1.2]]

se203
['j1', 'j2', 'j3', 'j4']
linear
[[[ 4.95  2.55 -2.55 -4.95]
  [ 5.1   5.1   5.1   5.1 ]
  [ 0.    0.    0.    0.  ]]

 [[ 4.95  2.55 -2.55 -4.95]
  [-5.1  -5.1  -5.1  -5.1 ]
  [ 0.    0.    0.    0.  ]]]
[[1.  1.2 1.6 2. ]]
[[0.  0.  1.2]]

tb103
['j1', 'j2', 'j3', 'j4']
linear
[[[-4.35 -2.15  2.15  4.35]
  [ 4.3   4.    3.8   3.6 ]
  [ 1.    0.5  -0.5  -1.  ]]

 [[-4.35 -2.15  2.15  4.35]
  [-3.6  -3.6  -3.3  -3.3 ]
  [ 1.    0.5  -0.5  -1.  ]]]
[[1.2 1.6 2. ]]
[[0.  0.  1.2]]

tc352
['open', 'closed']
circular
[[2.35 2.35]]
[[0.4 0.6 0.8 1.  1.2 1.4 1.6 1.8 2. ]]
[[0.  0.  1.2]]
Preparing sample list for fold 1
Preparing sample list for fold 2
Loading room info...
Loading path data...
Computing rirs...
t0h0
Stored path at /scratch/ci411/DCASE_GEN/sim_rirs/se203/se203_t0h0.hdf5
t0h1
Stored path at /scratch/ci411/DCASE_GEN/sim_rirs/se203/se203_t0h1.hdf5
t0h2
Stored path at /scratch/ci411/DCASE_GEN/sim_rirs/se203/se203_t0h2.hdf5
t0h3
Stored path at /scratch/ci411/DCASE_GEN/sim_rirs/se203/se203_t0h3.hdf5
t1h0
Stored path at /scratch/ci411/DCASE_GEN/sim_rirs/se203/se203_t1h0.hdf5
t1h1
Stored path at /scratch/ci411/DCASE_GEN/sim_rirs/se203/se203_t1h1.hdf5
t1h2
Stored path at /scratch/ci411/DCASE_GEN/sim_rirs/se203/se203_t1h2.hdf5
t1h3
Source at [10.62836071 11.6397536   2.04608466] is not inside room of dimensions [15, 11, 4]
Source at [10.60462801 11.33895606  2.1294003 ] is not inside room of dimensions [15, 11, 4]
Source at [10.57071464 11.27517429  2.23595927] is not inside room of dimensions [15, 11, 4]
Source at [10.58053178 11.05742645  2.20639154] is not inside room of dimensions [15, 11, 4]
Traceback (most recent call last):
  File "sim_room.py", line 193, in <module>
    path_rirs[k,l] = room.rir[k][l][:args.rir_len]
IndexError: list index out of range
